<?xml version="1.0" encoding="UTF-8"?>
<testng-results skipped="0" failed="0" total="1" passed="1">
  <reporter-output>
  </reporter-output>
  <suite name="Default suite" duration-ms="79627" started-at="2019-02-11T05:48:22Z" finished-at="2019-02-11T05:49:41Z">
    <groups>
    </groups>
    <test name="Default test" duration-ms="79627" started-at="2019-02-11T05:48:22Z" finished-at="2019-02-11T05:49:41Z">
      <class name="adddept.addingdept">
        <test-method status="PASS" signature="init()[pri:0, instance:adddept.addingdept@6f7fd0e6]" name="init" is-config="true" duration-ms="10" started-at="2019-02-11T11:18:22Z" finished-at="2019-02-11T11:18:22Z">
          <reporter-output>
          </reporter-output>
        </test-method> <!-- init -->
        <test-method status="PASS" signature="adddepartment()[pri:0, instance:adddept.addingdept@6f7fd0e6]" name="adddepartment" duration-ms="79491" started-at="2019-02-11T11:18:22Z" finished-at="2019-02-11T11:19:41Z">
          <reporter-output>
          </reporter-output>
        </test-method> <!-- adddepartment -->
      </class> <!-- adddept.addingdept -->
    </test> <!-- Default test -->
  </suite> <!-- Default suite -->
</testng-results>
